────────────────────────────────────────────────────────────────────────────────
2015 01 1    45µs   138
2015 01 2     7µs   1771
2015 02 1   968µs   1588178
2015 02 2   454µs   3783758
2015 03 1   236µs   2592
2015 03 2   292µs   2360
2015 04 1    20ms   117946
2015 04 2   692ms   3938038
2015 05 1   109µs   236
2015 05 2    90µs   51
2015 06 1    26ms   543903
2015 06 2    27ms   14687245
2015 07 1     2ms   956
2015 07 2     4ms   40149
2015 08 1    10µs   1371
2015 08 2    23µs   2117
2015 09 1    11ms   207
2015 09 2    11ms   804
2015 10 1    19ms   492982
2015 10 2   270ms   6989950
2015 11 1   590µs   vzbxxyzz
2015 11 2     3ms   vzcaabcc
2015 12 1   602µs   119433
2015 12 2   533µs   68466
2015 13 1     4ms   709
2015 13 2    15ms   668
2015 14 1   270µs   2660
2015 14 2    57µs   1256
2015 15 1     2ms   222870
2015 15 2     1ms   117936
2015 16 1   660µs   103
2015 16 2   445µs   405
2015 17 1     1ms   654
2015 17 2     1ms   57
2015 18 1    16ms   814
2015 18 2    16ms   924
2015 19 1   613µs   535
2015 19 2    14ms   212
2015 20 1    31ms   786240
2015 20 2     7ms   831600
2015 21 1   171µs   121
2015 21 2   157µs   201
2015 22 1     4ms   900
2015 22 2     5ms   1216
2015 23 1    51µs   255
2015 23 2    32µs   334
────────────────────────────────────────────────────────────────────────────────
2015 ** *      1s
════════════════════════════════════════════════════════════════════════════════
**** ** *      1s
────────────────────────────────────────────────────────────────────────────────
